<?xml version="1.0" encoding="UTF-8"?>
<testsuite name="com.it.academy.mortgage.calculator.ApplicationTests" tests="1" skipped="0" failures="0" errors="0" timestamp="2023-04-12T10:33:32" hostname="DESKTOP-IDHDKG4" time="0.25">
  <properties/>
  <testcase name="contextLoads()" classname="com.it.academy.mortgage.calculator.ApplicationTests" time="0.25"/>
  <system-out><![CDATA[13:33:26.017 [Test worker] DEBUG org.springframework.boot.test.context.SpringBootTestContextBootstrapper -- Neither @ContextConfiguration nor @ContextHierarchy found for test class [ApplicationTests]: using SpringBootContextLoader
13:33:26.024 [Test worker] DEBUG org.springframework.test.context.support.AbstractContextLoader -- Could not detect default resource locations for test class [com.it.academy.mortgage.calculator.ApplicationTests]: no resource found for suffixes {-context.xml, Context.groovy}.
13:33:26.025 [Test worker] INFO org.springframework.test.context.support.AnnotationConfigContextLoaderUtils -- Could not detect default configuration classes for test class [com.it.academy.mortgage.calculator.ApplicationTests]: ApplicationTests does not declare any static, non-private, non-final, nested classes annotated with @Configuration.
13:33:26.059 [Test worker] DEBUG org.springframework.boot.test.context.SpringBootTestContextBootstrapper -- Using ContextCustomizers for test class [ApplicationTests]: [DisableObservabilityContextCustomizer, PropertyMappingContextCustomizer, Customizer, ExcludeFilterContextCustomizer, DuplicateJsonObjectContextCustomizer, MockitoContextCustomizer, TestRestTemplateContextCustomizer]
13:33:26.151 [Test worker] DEBUG org.springframework.context.annotation.ClassPathScanningCandidateComponentProvider -- Identified candidate component class: file [C:\IT academy\Mortgage calculator\Back-End\build\classes\java\main\com\it\academy\mortgage\calculator\Application.class]
13:33:26.153 [Test worker] INFO org.springframework.boot.test.context.SpringBootTestContextBootstrapper -- Found @SpringBootConfiguration com.it.academy.mortgage.calculator.Application for test class com.it.academy.mortgage.calculator.ApplicationTests
13:33:26.295 [Test worker] DEBUG org.springframework.boot.test.context.SpringBootTestContextBootstrapper -- Using TestExecutionListeners for test class [ApplicationTests]: [ServletTestExecutionListener, DirtiesContextBeforeModesTestExecutionListener, ApplicationEventsTestExecutionListener, MockitoTestExecutionListener, DependencyInjectionTestExecutionListener, DirtiesContextTestExecutionListener, TransactionalTestExecutionListener, SqlScriptsTestExecutionListener, EventPublishingTestExecutionListener, RestDocsTestExecutionListener, MockRestServiceServerResetTestExecutionListener, MockMvcPrintOnlyOnFailureTestExecutionListener, WebDriverTestExecutionListener, MockWebServiceServerTestExecutionListener, ResetMocksTestExecutionListener]
13:33:26.297 [Test worker] DEBUG org.springframework.test.context.support.AbstractDirtiesContextTestExecutionListener -- Before test class: class [ApplicationTests], class annotated with @DirtiesContext [false] with mode [null]

  .   ____          _            __ _ _
 /\\ / ___'_ __ _ _(_)_ __  __ _ \ \ \ \
( ( )\___ | '_ | '_| | '_ \/ _` | \ \ \ \
 \\/  ___)| |_)| | | | | || (_| |  ) ) ) )
  '  |____| .__|_| |_|_| |_\__, | / / / /
 =========|_|==============|___/=/_/_/_/
 :: Spring Boot ::                (v3.0.5)

2023-04-12T13:33:26.716+03:00  INFO 2604 --- [    Test worker] c.i.a.m.calculator.ApplicationTests      : Starting ApplicationTests using Java 19.0.2 with PID 2604 (started by linas in C:\IT academy\Mortgage calculator\Back-End)
2023-04-12T13:33:26.718+03:00  INFO 2604 --- [    Test worker] c.i.a.m.calculator.ApplicationTests      : No active profile set, falling back to 1 default profile: "default"
2023-04-12T13:33:27.626+03:00  INFO 2604 --- [    Test worker] .s.d.r.c.RepositoryConfigurationDelegate : Multiple Spring Data modules found, entering strict repository configuration mode
2023-04-12T13:33:27.628+03:00  INFO 2604 --- [    Test worker] .s.d.r.c.RepositoryConfigurationDelegate : Bootstrapping Spring Data JDBC repositories in DEFAULT mode.
2023-04-12T13:33:27.674+03:00  INFO 2604 --- [    Test worker] .RepositoryConfigurationExtensionSupport : Spring Data JDBC - Could not safely identify store assignment for repository candidate interface com.it.academy.mortgage.calculator.repos.CustomerRepository; If you want this repository to be a JDBC repository, consider annotating your entities with one of these annotations: org.springframework.data.relational.core.mapping.Table.
2023-04-12T13:33:27.675+03:00  INFO 2604 --- [    Test worker] .s.d.r.c.RepositoryConfigurationDelegate : Finished Spring Data repository scanning in 40 ms. Found 0 JDBC repository interfaces.
2023-04-12T13:33:27.693+03:00  INFO 2604 --- [    Test worker] .s.d.r.c.RepositoryConfigurationDelegate : Multiple Spring Data modules found, entering strict repository configuration mode
2023-04-12T13:33:27.694+03:00  INFO 2604 --- [    Test worker] .s.d.r.c.RepositoryConfigurationDelegate : Bootstrapping Spring Data JPA repositories in DEFAULT mode.
2023-04-12T13:33:27.738+03:00  INFO 2604 --- [    Test worker] .s.d.r.c.RepositoryConfigurationDelegate : Finished Spring Data repository scanning in 37 ms. Found 1 JPA repository interfaces.
2023-04-12T13:33:28.295+03:00  INFO 2604 --- [    Test worker] o.hibernate.jpa.internal.util.LogHelper  : HHH000204: Processing PersistenceUnitInfo [name: default]
2023-04-12T13:33:28.381+03:00  INFO 2604 --- [    Test worker] org.hibernate.Version                    : HHH000412: Hibernate ORM core version 6.1.7.Final
2023-04-12T13:33:28.792+03:00  INFO 2604 --- [    Test worker] com.zaxxer.hikari.HikariDataSource       : HikariPool-1 - Starting...
2023-04-12T13:33:30.202+03:00  INFO 2604 --- [    Test worker] com.zaxxer.hikari.pool.HikariPool        : HikariPool-1 - Added connection org.postgresql.jdbc.PgConnection@7845b21a
2023-04-12T13:33:30.204+03:00  INFO 2604 --- [    Test worker] com.zaxxer.hikari.HikariDataSource       : HikariPool-1 - Start completed.
2023-04-12T13:33:30.347+03:00  INFO 2604 --- [    Test worker] SQL dialect                              : HHH000400: Using dialect: org.hibernate.dialect.PostgreSQLDialect
2023-04-12T13:33:31.596+03:00  INFO 2604 --- [    Test worker] o.h.e.t.j.p.i.JtaPlatformInitiator       : HHH000490: Using JtaPlatform implementation: [org.hibernate.engine.transaction.jta.platform.internal.NoJtaPlatform]
2023-04-12T13:33:31.632+03:00  INFO 2604 --- [    Test worker] j.LocalContainerEntityManagerFactoryBean : Initialized JPA EntityManagerFactory for persistence unit 'default'
2023-04-12T13:33:32.243+03:00  WARN 2604 --- [    Test worker] JpaBaseConfiguration$JpaWebConfiguration : spring.jpa.open-in-view is enabled by default. Therefore, database queries may be performed during view rendering. Explicitly configure spring.jpa.open-in-view to disable this warning
2023-04-12T13:33:32.823+03:00  INFO 2604 --- [    Test worker] c.i.a.m.calculator.ApplicationTests      : Started ApplicationTests in 6.469 seconds (process running for 8.015)
]]></system-out>
  <system-err><![CDATA[]]></system-err>
</testsuite>
